<?xml version="1.0" encoding="UTF-8"?>
<testsuite xmlns:xsi="http://www.w3.org/2001/XMLSchema-instance" xsi:noNamespaceSchemaLocation="https://maven.apache.org/surefire/maven-surefire-plugin/xsd/surefire-test-report-3.0.xsd" version="3.0" name="edu.neu.khoury.cs6510.f24.lynnhud.TreeNodeTest" time="0.077" tests="12" errors="0" skipped="0" failures="0">
  <properties>
    <property name="java.specification.version" value="17"/>
    <property name="sun.jnu.encoding" value="UTF-8"/>
    <property name="java.class.path" value="/Users/a123/Desktop/6510/hw3-Lynn-Hu-D/BinaryTree/target/test-classes:/Users/a123/Desktop/6510/hw3-Lynn-Hu-D/BinaryTree/target/classes:/Users/a123/.m2/repository/org/junit/jupiter/junit-jupiter/5.8.1/junit-jupiter-5.8.1.jar:/Users/a123/.m2/repository/org/junit/jupiter/junit-jupiter-api/5.8.1/junit-jupiter-api-5.8.1.jar:/Users/a123/.m2/repository/org/opentest4j/opentest4j/1.2.0/opentest4j-1.2.0.jar:/Users/a123/.m2/repository/org/junit/platform/junit-platform-commons/1.8.1/junit-platform-commons-1.8.1.jar:/Users/a123/.m2/repository/org/apiguardian/apiguardian-api/1.1.2/apiguardian-api-1.1.2.jar:/Users/a123/.m2/repository/org/junit/jupiter/junit-jupiter-params/5.8.1/junit-jupiter-params-5.8.1.jar:/Users/a123/.m2/repository/org/junit/jupiter/junit-jupiter-engine/5.8.1/junit-jupiter-engine-5.8.1.jar:/Users/a123/.m2/repository/org/junit/platform/junit-platform-engine/1.8.1/junit-platform-engine-1.8.1.jar:/Users/a123/.m2/repository/com/puppycrawl/tools/checkstyle/10.18.2/checkstyle-10.18.2.jar:/Users/a123/.m2/repository/info/picocli/picocli/4.7.6/picocli-4.7.6.jar:/Users/a123/.m2/repository/org/antlr/antlr4-runtime/4.13.2/antlr4-runtime-4.13.2.jar:/Users/a123/.m2/repository/commons-beanutils/commons-beanutils/1.9.4/commons-beanutils-1.9.4.jar:/Users/a123/.m2/repository/commons-logging/commons-logging/1.2/commons-logging-1.2.jar:/Users/a123/.m2/repository/commons-collections/commons-collections/3.2.2/commons-collections-3.2.2.jar:/Users/a123/.m2/repository/com/google/guava/guava/33.3.1-jre/guava-33.3.1-jre.jar:/Users/a123/.m2/repository/com/google/guava/failureaccess/1.0.2/failureaccess-1.0.2.jar:/Users/a123/.m2/repository/com/google/guava/listenablefuture/9999.0-empty-to-avoid-conflict-with-guava/listenablefuture-9999.0-empty-to-avoid-conflict-with-guava.jar:/Users/a123/.m2/repository/com/google/code/findbugs/jsr305/3.0.2/jsr305-3.0.2.jar:/Users/a123/.m2/repository/com/google/errorprone/error_prone_annotations/2.28.0/error_prone_annotations-2.28.0.jar:/Users/a123/.m2/repository/com/google/j2objc/j2objc-annotations/3.0.0/j2objc-annotations-3.0.0.jar:/Users/a123/.m2/repository/org/reflections/reflections/0.10.2/reflections-0.10.2.jar:/Users/a123/.m2/repository/org/javassist/javassist/3.28.0-GA/javassist-3.28.0-GA.jar:/Users/a123/.m2/repository/org/slf4j/slf4j-api/1.7.32/slf4j-api-1.7.32.jar:/Users/a123/.m2/repository/net/sf/saxon/Saxon-HE/12.5/Saxon-HE-12.5.jar:/Users/a123/.m2/repository/org/xmlresolver/xmlresolver/5.2.2/xmlresolver-5.2.2.jar:/Users/a123/.m2/repository/org/apache/httpcomponents/client5/httpclient5/5.1.3/httpclient5-5.1.3.jar:/Users/a123/.m2/repository/org/apache/httpcomponents/core5/httpcore5-h2/5.1.3/httpcore5-h2-5.1.3.jar:/Users/a123/.m2/repository/commons-codec/commons-codec/1.15/commons-codec-1.15.jar:/Users/a123/.m2/repository/org/apache/httpcomponents/core5/httpcore5/5.1.3/httpcore5-5.1.3.jar:/Users/a123/.m2/repository/org/xmlresolver/xmlresolver/5.2.2/xmlresolver-5.2.2-data.jar:/Users/a123/.m2/repository/org/checkerframework/checker-qual/3.47.0/checker-qual-3.47.0.jar:/Users/a123/.m2/repository/org/apache/maven/doxia/doxia-core/1.12.0/doxia-core-1.12.0.jar:/Users/a123/.m2/repository/org/apache/maven/doxia/doxia-sink-api/1.12.0/doxia-sink-api-1.12.0.jar:/Users/a123/.m2/repository/org/apache/maven/doxia/doxia-logging-api/1.12.0/doxia-logging-api-1.12.0.jar:/Users/a123/.m2/repository/org/codehaus/plexus/plexus-utils/3.3.0/plexus-utils-3.3.0.jar:/Users/a123/.m2/repository/org/codehaus/plexus/plexus-container-default/2.1.0/plexus-container-default-2.1.0.jar:/Users/a123/.m2/repository/org/codehaus/plexus/plexus-classworlds/2.6.0/plexus-classworlds-2.6.0.jar:/Users/a123/.m2/repository/org/apache/xbean/xbean-reflect/3.7/xbean-reflect-3.7.jar:/Users/a123/.m2/repository/org/codehaus/plexus/plexus-component-annotations/2.1.0/plexus-component-annotations-2.1.0.jar:/Users/a123/.m2/repository/org/apache/commons/commons-lang3/3.8.1/commons-lang3-3.8.1.jar:/Users/a123/.m2/repository/org/apache/commons/commons-text/1.3/commons-text-1.3.jar:/Users/a123/.m2/repository/org/apache/httpcomponents/httpclient/4.5.13/httpclient-4.5.13.jar:/Users/a123/.m2/repository/org/apache/httpcomponents/httpcore/4.4.14/httpcore-4.4.14.jar:/Users/a123/.m2/repository/org/apache/maven/doxia/doxia-module-xdoc/1.12.0/doxia-module-xdoc-1.12.0.jar:"/>
    <property name="java.vm.vendor" value="GraalVM Community"/>
    <property name="sun.arch.data.model" value="64"/>
    <property name="java.vendor.url" value="https://www.graalvm.org/"/>
    <property name="user.timezone" value="America/Los_Angeles"/>
    <property name="os.name" value="Mac OS X"/>
    <property name="java.vm.specification.version" value="17"/>
    <property name="sun.java.launcher" value="SUN_STANDARD"/>
    <property name="user.country" value="CN"/>
    <property name="sun.boot.library.path" value="/Users/a123/Library/Java/JavaVirtualMachines/graalvm-jdk-17.0.9/Contents/Home/lib"/>
    <property name="sun.java.command" value="/Users/a123/Desktop/6510/hw3-Lynn-Hu-D/BinaryTree/target/surefire/surefirebooter-20241009001438365_3.jar /Users/a123/Desktop/6510/hw3-Lynn-Hu-D/BinaryTree/target/surefire 2024-10-09T00-14-38_253-jvmRun1 surefire-20241009001438365_1tmp surefire_0-20241009001438365_2tmp"/>
    <property name="http.nonProxyHosts" value="local|*.local|169.254/16|*.169.254/16"/>
    <property name="jdk.debug" value="release"/>
    <property name="surefire.test.class.path" value="/Users/a123/Desktop/6510/hw3-Lynn-Hu-D/BinaryTree/target/test-classes:/Users/a123/Desktop/6510/hw3-Lynn-Hu-D/BinaryTree/target/classes:/Users/a123/.m2/repository/org/junit/jupiter/junit-jupiter/5.8.1/junit-jupiter-5.8.1.jar:/Users/a123/.m2/repository/org/junit/jupiter/junit-jupiter-api/5.8.1/junit-jupiter-api-5.8.1.jar:/Users/a123/.m2/repository/org/opentest4j/opentest4j/1.2.0/opentest4j-1.2.0.jar:/Users/a123/.m2/repository/org/junit/platform/junit-platform-commons/1.8.1/junit-platform-commons-1.8.1.jar:/Users/a123/.m2/repository/org/apiguardian/apiguardian-api/1.1.2/apiguardian-api-1.1.2.jar:/Users/a123/.m2/repository/org/junit/jupiter/junit-jupiter-params/5.8.1/junit-jupiter-params-5.8.1.jar:/Users/a123/.m2/repository/org/junit/jupiter/junit-jupiter-engine/5.8.1/junit-jupiter-engine-5.8.1.jar:/Users/a123/.m2/repository/org/junit/platform/junit-platform-engine/1.8.1/junit-platform-engine-1.8.1.jar:/Users/a123/.m2/repository/com/puppycrawl/tools/checkstyle/10.18.2/checkstyle-10.18.2.jar:/Users/a123/.m2/repository/info/picocli/picocli/4.7.6/picocli-4.7.6.jar:/Users/a123/.m2/repository/org/antlr/antlr4-runtime/4.13.2/antlr4-runtime-4.13.2.jar:/Users/a123/.m2/repository/commons-beanutils/commons-beanutils/1.9.4/commons-beanutils-1.9.4.jar:/Users/a123/.m2/repository/commons-logging/commons-logging/1.2/commons-logging-1.2.jar:/Users/a123/.m2/repository/commons-collections/commons-collections/3.2.2/commons-collections-3.2.2.jar:/Users/a123/.m2/repository/com/google/guava/guava/33.3.1-jre/guava-33.3.1-jre.jar:/Users/a123/.m2/repository/com/google/guava/failureaccess/1.0.2/failureaccess-1.0.2.jar:/Users/a123/.m2/repository/com/google/guava/listenablefuture/9999.0-empty-to-avoid-conflict-with-guava/listenablefuture-9999.0-empty-to-avoid-conflict-with-guava.jar:/Users/a123/.m2/repository/com/google/code/findbugs/jsr305/3.0.2/jsr305-3.0.2.jar:/Users/a123/.m2/repository/com/google/errorprone/error_prone_annotations/2.28.0/error_prone_annotations-2.28.0.jar:/Users/a123/.m2/repository/com/google/j2objc/j2objc-annotations/3.0.0/j2objc-annotations-3.0.0.jar:/Users/a123/.m2/repository/org/reflections/reflections/0.10.2/reflections-0.10.2.jar:/Users/a123/.m2/repository/org/javassist/javassist/3.28.0-GA/javassist-3.28.0-GA.jar:/Users/a123/.m2/repository/org/slf4j/slf4j-api/1.7.32/slf4j-api-1.7.32.jar:/Users/a123/.m2/repository/net/sf/saxon/Saxon-HE/12.5/Saxon-HE-12.5.jar:/Users/a123/.m2/repository/org/xmlresolver/xmlresolver/5.2.2/xmlresolver-5.2.2.jar:/Users/a123/.m2/repository/org/apache/httpcomponents/client5/httpclient5/5.1.3/httpclient5-5.1.3.jar:/Users/a123/.m2/repository/org/apache/httpcomponents/core5/httpcore5-h2/5.1.3/httpcore5-h2-5.1.3.jar:/Users/a123/.m2/repository/commons-codec/commons-codec/1.15/commons-codec-1.15.jar:/Users/a123/.m2/repository/org/apache/httpcomponents/core5/httpcore5/5.1.3/httpcore5-5.1.3.jar:/Users/a123/.m2/repository/org/xmlresolver/xmlresolver/5.2.2/xmlresolver-5.2.2-data.jar:/Users/a123/.m2/repository/org/checkerframework/checker-qual/3.47.0/checker-qual-3.47.0.jar:/Users/a123/.m2/repository/org/apache/maven/doxia/doxia-core/1.12.0/doxia-core-1.12.0.jar:/Users/a123/.m2/repository/org/apache/maven/doxia/doxia-sink-api/1.12.0/doxia-sink-api-1.12.0.jar:/Users/a123/.m2/repository/org/apache/maven/doxia/doxia-logging-api/1.12.0/doxia-logging-api-1.12.0.jar:/Users/a123/.m2/repository/org/codehaus/plexus/plexus-utils/3.3.0/plexus-utils-3.3.0.jar:/Users/a123/.m2/repository/org/codehaus/plexus/plexus-container-default/2.1.0/plexus-container-default-2.1.0.jar:/Users/a123/.m2/repository/org/codehaus/plexus/plexus-classworlds/2.6.0/plexus-classworlds-2.6.0.jar:/Users/a123/.m2/repository/org/apache/xbean/xbean-reflect/3.7/xbean-reflect-3.7.jar:/Users/a123/.m2/repository/org/codehaus/plexus/plexus-component-annotations/2.1.0/plexus-component-annotations-2.1.0.jar:/Users/a123/.m2/repository/org/apache/commons/commons-lang3/3.8.1/commons-lang3-3.8.1.jar:/Users/a123/.m2/repository/org/apache/commons/commons-text/1.3/commons-text-1.3.jar:/Users/a123/.m2/repository/org/apache/httpcomponents/httpclient/4.5.13/httpclient-4.5.13.jar:/Users/a123/.m2/repository/org/apache/httpcomponents/httpcore/4.4.14/httpcore-4.4.14.jar:/Users/a123/.m2/repository/org/apache/maven/doxia/doxia-module-xdoc/1.12.0/doxia-module-xdoc-1.12.0.jar:"/>
    <property name="sun.cpu.endian" value="little"/>
    <property name="user.home" value="/Users/a123"/>
    <property name="user.language" value="en"/>
    <property name="java.specification.vendor" value="Oracle Corporation"/>
    <property name="java.version.date" value="2023-10-17"/>
    <property name="java.home" value="/Users/a123/Library/Java/JavaVirtualMachines/graalvm-jdk-17.0.9/Contents/Home"/>
    <property name="file.separator" value="/"/>
    <property name="basedir" value="/Users/a123/Desktop/6510/hw3-Lynn-Hu-D/BinaryTree"/>
    <property name="java.vm.compressedOopsMode" value="Zero based"/>
    <property name="jdk.internal.vm.ci.enabled" value="true"/>
    <property name="line.separator" value="&#10;"/>
    <property name="java.vm.specification.vendor" value="Oracle Corporation"/>
    <property name="java.specification.name" value="Java Platform API Specification"/>
    <property name="apple.awt.application.name" value="ForkedBooter"/>
    <property name="surefire.real.class.path" value="/Users/a123/Desktop/6510/hw3-Lynn-Hu-D/BinaryTree/target/surefire/surefirebooter-20241009001438365_3.jar"/>
    <property name="sun.management.compiler" value="HotSpot 64-Bit Tiered Compilers"/>
    <property name="ftp.nonProxyHosts" value="local|*.local|169.254/16|*.169.254/16"/>
    <property name="java.runtime.version" value="17.0.9+9-jvmci-23.0-b22"/>
    <property name="user.name" value="a123"/>
    <property name="path.separator" value=":"/>
    <property name="os.version" value="13.4"/>
    <property name="java.runtime.name" value="OpenJDK Runtime Environment"/>
    <property name="file.encoding" value="UTF-8"/>
    <property name="java.vm.name" value="OpenJDK 64-Bit Server VM"/>
    <property name="java.vendor.version" value="GraalVM CE 17.0.9+9.1"/>
    <property name="localRepository" value="/Users/a123/.m2/repository"/>
    <property name="java.vendor.url.bug" value="https://github.com/oracle/graal/issues"/>
    <property name="java.io.tmpdir" value="/var/folders/l6/r_xq17hx7bg6pdgz7__4m_580000gp/T/"/>
    <property name="java.version" value="17.0.9"/>
    <property name="user.dir" value="/Users/a123/Desktop/6510/hw3-Lynn-Hu-D/BinaryTree"/>
    <property name="os.arch" value="x86_64"/>
    <property name="java.vm.specification.name" value="Java Virtual Machine Specification"/>
    <property name="native.encoding" value="UTF-8"/>
    <property name="java.library.path" value="/Users/a123/Library/Java/Extensions:/Library/Java/Extensions:/Network/Library/Java/Extensions:/System/Library/Java/Extensions:/usr/lib/java:."/>
    <property name="java.vm.info" value="mixed mode, sharing"/>
    <property name="java.vendor" value="GraalVM Community"/>
    <property name="java.vm.version" value="17.0.9+9-jvmci-23.0-b22"/>
    <property name="sun.io.unicode.encoding" value="UnicodeBig"/>
    <property name="socksNonProxyHosts" value="local|*.local|169.254/16|*.169.254/16"/>
    <property name="java.class.version" value="61.0"/>
  </properties>
  <testcase name="testHashCodeEqualNodes" classname="edu.neu.khoury.cs6510.f24.lynnhud.TreeNodeTest" time="0.029"/>
  <testcase name="testToString" classname="edu.neu.khoury.cs6510.f24.lynnhud.TreeNodeTest" time="0.008"/>
  <testcase name="equalsNullLeftRightChildren" classname="edu.neu.khoury.cs6510.f24.lynnhud.TreeNodeTest" time="0.002"/>
  <testcase name="equalsDifferentValues" classname="edu.neu.khoury.cs6510.f24.lynnhud.TreeNodeTest" time="0.001"/>
  <testcase name="equalsDifferentRightChild" classname="edu.neu.khoury.cs6510.f24.lynnhud.TreeNodeTest" time="0.001"/>
  <testcase name="testHashCodeDifferentNodes" classname="edu.neu.khoury.cs6510.f24.lynnhud.TreeNodeTest" time="0.002"/>
  <testcase name="equalsDifferentClass" classname="edu.neu.khoury.cs6510.f24.lynnhud.TreeNodeTest" time="0.001"/>
  <testcase name="testConstructorWithValue" classname="edu.neu.khoury.cs6510.f24.lynnhud.TreeNodeTest" time="0.002"/>
  <testcase name="testConstructorWithValueLeftRight" classname="edu.neu.khoury.cs6510.f24.lynnhud.TreeNodeTest" time="0.0"/>
  <testcase name="equalsDifferentLeftChild" classname="edu.neu.khoury.cs6510.f24.lynnhud.TreeNodeTest" time="0.001"/>
  <testcase name="equalsSameObject" classname="edu.neu.khoury.cs6510.f24.lynnhud.TreeNodeTest" time="0.001"/>
  <testcase name="equalsSameValues" classname="edu.neu.khoury.cs6510.f24.lynnhud.TreeNodeTest" time="0.001"/>
</testsuite>